

Version:	3.8
CmdLine:	C:\Users\Brent Yorgason\workspace\AudioTimeliner\Audio Timeliner.exe --l4j-debug
WOW64:		yes
Working dir:	C:\Users\Brent Yorgason\workspace\AudioTimeliner\.
Bundled JRE:	JRE
Check launcher:	C:\Users\Brent Yorgason\workspace\AudioTimeliner\JRE\bin\javaw.exe (OK)
Launcher:	C:\Users\Brent Yorgason\workspace\AudioTimeliner\JRE\bin\javaw.exe
Launcher args:	-jar "C:\Users\Brent Yorgason\workspace\AudioTimeliner\Audio Timeliner.exe"
Args length:	75/32768 chars
Exit code:	0


Version:	3.8
CmdLine:	C:\Users\Brent Yorgason\workspace\AudioTimeliner\Audio Timeliner.exe --l4j-debug
WOW64:		yes
Working dir:	C:\Users\Brent Yorgason\workspace\AudioTimeliner\.
Bundled JRE:	JRE
Check launcher:	C:\Users\Brent Yorgason\workspace\AudioTimeliner\JRE\bin\javaw.exe (OK)
Launcher:	C:\Users\Brent Yorgason\workspace\AudioTimeliner\JRE\bin\javaw.exe
Launcher args:	-jar "C:\Users\Brent Yorgason\workspace\AudioTimeliner\Audio Timeliner.exe" timeline.Timeline %1
Args length:	96/32768 chars
Exit code:	0


Version:	3.8
CmdLine:	C:\Users\Brent Yorgason\workspace\AudioTimeliner\Audio Timeliner.exe --l4j-debug
WOW64:		yes
Working dir:	C:\Users\Brent Yorgason\workspace\AudioTimeliner\.
Bundled JRE:	JRE
Check launcher:	C:\Users\Brent Yorgason\workspace\AudioTimeliner\JRE\bin\javaw.exe (OK)
Launcher:	C:\Users\Brent Yorgason\workspace\AudioTimeliner\JRE\bin\javaw.exe
Launcher args:	-jar "C:\Users\Brent Yorgason\workspace\AudioTimeliner\Audio Timeliner.exe" %1
Args length:	78/32768 chars
Exit code:	0


Version:	3.8
CmdLine:	C:\Users\Brent Yorgason\workspace\AudioTimeliner\Audio Timeliner.exe --l4j-debug
WOW64:		yes
Working dir:	C:\Users\Brent Yorgason\workspace\AudioTimeliner\.
Bundled JRE:	JRE
Check launcher:	C:\Users\Brent Yorgason\workspace\AudioTimeliner\JRE\bin\javaw.exe (OK)
Launcher:	C:\Users\Brent Yorgason\workspace\AudioTimeliner\JRE\bin\javaw.exe
Launcher args:	-jar "C:\Users\Brent Yorgason\workspace\AudioTimeliner\Audio Timeliner.exe"
Args length:	75/32768 chars
Exit code:	0


Version:	3.8
CmdLine:	C:\Users\Brent Yorgason\workspace\AudioTimeliner\Audio Timeliner.exe --l4j-debug
WOW64:		yes
Working dir:	C:\Users\Brent Yorgason\workspace\AudioTimeliner\.
Bundled JRE:	JRE
Check launcher:	C:\Users\Brent Yorgason\workspace\AudioTimeliner\JRE\bin\javaw.exe (OK)
Launcher:	C:\Users\Brent Yorgason\workspace\AudioTimeliner\JRE\bin\javaw.exe
Launcher args:	-jar "C:\Users\Brent Yorgason\workspace\AudioTimeliner\Audio Timeliner.exe" javaw -jar AudioTimeliner.jar %1
Args length:	108/32768 chars
Exit code:	0


Version:	3.8
CmdLine:	C:\Users\Brent Yorgason\workspace\AudioTimeliner\Audio Timeliner.exe --l4j-debug
WOW64:		yes
Working dir:	C:\Users\Brent Yorgason\workspace\AudioTimeliner\.
Bundled JRE:	JRE
Check launcher:	C:\Users\Brent Yorgason\workspace\AudioTimeliner\JRE\bin\javaw.exe (OK)
Add classpath:	timeliner.Timeliner
Add classpath:	.
Launcher:	C:\Users\Brent Yorgason\workspace\AudioTimeliner\JRE\bin\javaw.exe
Launcher args:	-classpath "C:\Users\Brent Yorgason\workspace\AudioTimeliner\Audio Timeliner.exe;timeliner.Timeliner;." org.eclipse.jdt.internal.jarinjarloader.JarRsrcLoader %1
Args length:	160/32768 chars
Exit code:	0


Version:	3.8
CmdLine:	C:\Users\Brent Yorgason\workspace\AudioTimeliner\Audio Timeliner.exe --l4j-debug
WOW64:		yes
Working dir:	C:\Users\Brent Yorgason\workspace\AudioTimeliner\.
Bundled JRE:	JRE
Check launcher:	C:\Users\Brent Yorgason\workspace\AudioTimeliner\JRE\bin\javaw.exe (OK)
Add classpath:	timeliner.Timeliner
Add classpath:	.
Launcher:	C:\Users\Brent Yorgason\workspace\AudioTimeliner\JRE\bin\javaw.exe
Launcher args:	-classpath "C:\Users\Brent Yorgason\workspace\AudioTimeliner\Audio Timeliner.exe;timeliner.Timeliner;." org.eclipse.jdt.internal.jarinjarloader.JarRsrcLoader
Args length:	157/32768 chars
Exit code:	0


Version:	3.8
CmdLine:	C:\Users\Brent Yorgason\workspace\AudioTimeliner\Audio Timeliner.exe --l4j-debug
WOW64:		yes
Working dir:	C:\Users\Brent Yorgason\workspace\AudioTimeliner\.
Bundled JRE:	JRE
Check launcher:	C:\Users\Brent Yorgason\workspace\AudioTimeliner\JRE\bin\javaw.exe (OK)
Add classpath:	timeliner.Timeliner
Add classpath:	.
Launcher:	C:\Users\Brent Yorgason\workspace\AudioTimeliner\JRE\bin\javaw.exe
Launcher args:	-classpath "C:\Users\Brent Yorgason\workspace\AudioTimeliner\Audio Timeliner.exe;timeliner.Timeliner;." org.eclipse.jdt.internal.jarinjarloader.JarRsrcLoader
Args length:	157/32768 chars
Exit code:	0
